<?xml version="1.0" encoding="UTF-8"?>
<!-- Generated by org.testng.reporters.JUnitXMLReporter -->
<testsuite hostname="Shenthamarai" failures="0" tests="4" name="Default test" time="3.635" errors="0" timestamp="9 Feb 2022 22:18:49 GMT">
  <testcase classname="jobsapiautomation.JobsDelete" name="deletePositiveCases" time="1.297"/>
  <testcase classname="jobsapiautomation.JobsDelete" name="deletePositiveCases" time="0.274"/>
  <testcase classname="jobsapiautomation.JobsDelete" name="deleteProgramNegativeCases" time="0.309"/>
  <testcase classname="jobsapiautomation.JobsDelete" name="deleteProgramNegativeCases" time="0.328"/>
</testsuite> <!-- Default test -->
