<?xml version="1.0" encoding="UTF-8"?>
<!-- Generated by org.testng.reporters.JUnitXMLReporter -->
<testsuite hostname="Shenthamarai" failures="0" tests="3" name="PostProductionLMSAPIAutomation" time="3.006" errors="0" timestamp="21 Jan 2022 01:09:21 GMT">
  <testcase classname="lmsapiautomation.LMSGet" name="getRequestNegative" time="1.148"/>
  <testcase classname="lmsapiautomation.LMSGet" name="getRequestNegative" time="0.431"/>
  <testcase classname="lmsapiautomation.LMSGet" name="getRequestNegative" time="0.474"/>
</testsuite> <!-- PostProductionLMSAPIAutomation -->
