<?xml version="1.0" encoding="UTF-8"?>
<!-- Generated by org.testng.reporters.JUnitXMLReporter -->
<testsuite hostname="Shenthamarai" failures="1" tests="30" name="PostProduction LMS API Automation" time="18.826" errors="0" timestamp="9 Feb 2022 22:21:41 GMT">
  <testcase classname="lmsapiautomation.LMSGet" name="getRequestPositive" time="1.823"/>
  <testcase classname="lmsapiautomation.LMSGet" name="getRequestPositive" time="0.648"/>
  <testcase classname="lmsapiautomation.LMSGet" name="getRequestPositive" time="0.503"/>
  <testcase classname="lmsapiautomation.LMSGet" name="getRequestPositive" time="0.525"/>
  <testcase classname="lmsapiautomation.LMSGet" name="getRequestNegative" time="0.414"/>
  <testcase classname="lmsapiautomation.LMSGet" name="getRequestNegative" time="0.536"/>
  <testcase classname="lmsapiautomation.LMSGet" name="getRequestNegative" time="0.292"/>
  <testcase classname="lmsapiautomation.LMSPost" name="postProgramPositiveCases" time="0.769"/>
  <testcase classname="lmsapiautomation.LMSPost" name="postProgramPositiveCases" time="0.456"/>
  <testcase classname="lmsapiautomation.LMSPost" name="postProgramPositiveCases" time="0.498"/>
  <testcase classname="lmsapiautomation.LMSPost" name="postProgramPositiveCases" time="0.546"/>
  <testcase classname="lmsapiautomation.LMSPost" name="postProgramPositiveCases" time="0.422"/>
  <testcase classname="lmsapiautomation.LMSPost" name="postProgramPositiveCases" time="0.494"/>
  <testcase classname="lmsapiautomation.LMSPost" name="postProgramNegativeCases" time="0.352"/>
  <testcase classname="lmsapiautomation.LMSPost" name="postProgramNegativeCases" time="0.405"/>
  <testcase classname="lmsapiautomation.LMSPost" name="postProgramNegativeCases" time="0.401"/>
  <testcase classname="lmsapiautomation.LMSPost" name="postProgramNegativeCases" time="0.448"/>
  <testcase classname="lmsapiautomation.LMSPut" name="putPositiveCases" time="0.422"/>
  <testcase classname="lmsapiautomation.LMSPut" name="putPositiveCases" time="0.429"/>
  <testcase classname="lmsapiautomation.LMSPut" name="putPositiveCases" time="0.497"/>
  <testcase classname="lmsapiautomation.LMSPut" name="putPositiveCases" time="0.443"/>
  <testcase classname="lmsapiautomation.LMSPut" name="putPositiveCases" time="0.445"/>
  <testcase classname="lmsapiautomation.LMSPut" name="putPositiveCases" time="0.412"/>
  <testcase classname="lmsapiautomation.LMSPut" name="putPositiveCases" time="0.424"/>
  <testcase classname="lmsapiautomation.LMSPut" name="putNegativeCases" time="0.331"/>
  <testcase classname="lmsapiautomation.LMSPut" name="putNegativeCases" time="0.407"/>
  <testcase classname="lmsapiautomation.LMSDelete" name="deletePositiveCases" time="0.351">
    <failure type="java.lang.AssertionError" message="expected [200] but found [500]">
      <![CDATA[java.lang.AssertionError: expected [200] but found [500]
	at org.testng.Assert.fail(Assert.java:94)
	at org.testng.Assert.failNotEquals(Assert.java:494)
	at org.testng.Assert.assertEquals(Assert.java:123)
	at org.testng.Assert.assertEquals(Assert.java:370)
	at org.testng.Assert.assertEquals(Assert.java:380)
	at lmsapiautomation.LMSDelete.deletePositiveCases(LMSDelete.java:28)
	at java.base/jdk.internal.reflect.NativeMethodAccessorImpl.invoke0(Native Method)
	at java.base/jdk.internal.reflect.NativeMethodAccessorImpl.invoke(NativeMethodAccessorImpl.java:77)
	at java.base/jdk.internal.reflect.DelegatingMethodAccessorImpl.invoke(DelegatingMethodAccessorImpl.java:43)
	at java.base/java.lang.reflect.Method.invoke(Method.java:568)
	at org.testng.internal.MethodInvocationHelper.invokeMethod(MethodInvocationHelper.java:80)
	at org.testng.internal.Invoker.invokeMethod(Invoker.java:714)
	at org.testng.internal.Invoker.invokeTestMethod(Invoker.java:901)
	at org.testng.internal.Invoker.invokeTestMethods(Invoker.java:1231)
	at org.testng.internal.TestMethodWorker.invokeTestMethods(TestMethodWorker.java:127)
	at org.testng.internal.TestMethodWorker.run(TestMethodWorker.java:111)
	at org.testng.TestRunner.privateRun(TestRunner.java:767)
	at org.testng.TestRunner.run(TestRunner.java:617)
	at org.testng.SuiteRunner.runTest(SuiteRunner.java:334)
	at org.testng.SuiteRunner.runSequentially(SuiteRunner.java:329)
	at org.testng.SuiteRunner.privateRun(SuiteRunner.java:291)
	at org.testng.SuiteRunner.run(SuiteRunner.java:240)
	at org.testng.SuiteRunnerWorker.runSuite(SuiteRunnerWorker.java:52)
	at org.testng.SuiteRunnerWorker.run(SuiteRunnerWorker.java:86)
	at org.testng.TestNG.runSuitesSequentially(TestNG.java:1198)
	at org.testng.TestNG.runSuitesLocally(TestNG.java:1123)
	at org.testng.TestNG.run(TestNG.java:1031)
	at org.testng.remote.AbstractRemoteTestNG.run(AbstractRemoteTestNG.java:115)
	at org.testng.remote.RemoteTestNG.initAndRun(RemoteTestNG.java:251)
	at org.testng.remote.RemoteTestNG.main(RemoteTestNG.java:77)
]]>
    </failure>
  </testcase> <!-- deletePositiveCases -->
  <testcase classname="lmsapiautomation.LMSDelete" name="deleteProgramNegativeCases" time="0.389"/>
  <testcase classname="lmsapiautomation.LMSDelete" name="deleteProgramNegativeCases" time="0.417"/>
  <testcase classname="lmsapiautomation.LMSDelete" name="deleteProgramNegativeCases" time="0.391"/>
</testsuite> <!-- PostProduction LMS API Automation -->
