<?xml version="1.0" encoding="UTF-8"?>
<!-- Generated by org.testng.reporters.JUnitXMLReporter -->
<testsuite hostname="Shenthamarai" failures="2" tests="20" name="PostProduction Jobs API Automation" time="6.865" errors="0" timestamp="22 Feb 2022 17:17:46 GMT">
  <testcase classname="jobsapiautomation.JobsGet" name="getRequestPositive" time="0.214"/>
  <testcase classname="jobsapiautomation.JobsGet" name="getRequestNegative" time="0.232"/>
  <testcase classname="jobsapiautomation.JobsPost" name="postProgramPositiveCases" time="0.272"/>
  <testcase classname="jobsapiautomation.JobsPost" name="postProgramPositiveCases" time="0.294"/>
  <testcase classname="jobsapiautomation.JobsPost" name="postProgramPositiveCases" time="0.272"/>
  <testcase classname="jobsapiautomation.JobsPost" name="postProgramNegativeCases" time="0.207"/>
  <testcase classname="jobsapiautomation.JobsPost" name="postProgramNegativeCases" time="0.258"/>
  <testcase classname="jobsapiautomation.JobsPost" name="postProgramNegativeCases" time="0.253"/>
  <testcase classname="jobsapiautomation.JobsPost" name="postProgramNegativeCases" time="0.259"/>
  <testcase classname="jobsapiautomation.JobsPost" name="postProgramNegativeCases" time="0.262"/>
  <testcase classname="jobsapiautomation.JobsPost" name="postProgramNegativeCases" time="0.272"/>
  <testcase classname="jobsapiautomation.JobsPost" name="postProgramNegativeCases" time="0.274"/>
  <testcase classname="jobsapiautomation.JobsPut" name="putPositiveCases" time="0.218"/>
  <testcase classname="jobsapiautomation.JobsPut" name="putPositiveCases" time="0.255"/>
  <testcase classname="jobsapiautomation.JobsPut" name="putNegativeCases" time="0.255"/>
  <testcase classname="jobsapiautomation.JobsPut" name="putNegativeCases" time="0.284"/>
  <testcase classname="jobsapiautomation.JobsDelete" name="deletePositiveCases" time="0.234">
    <failure type="java.lang.AssertionError" message="
Expected: a value equal to &amp;lt;200&amp;gt;
     got: &amp;lt;404&amp;gt;
">
      <![CDATA[java.lang.AssertionError: 
Expected: a value equal to <200>
     got: <404>

	at org.junit.Assert.assertThat(Assert.java:780)
	at org.junit.Assert.assertThat(Assert.java:738)
	at jobsapiautomation.JobsDelete.deletePositiveCases(JobsDelete.java:39)
	at org.apache.maven.surefire.testng.TestNGExecutor.run(TestNGExecutor.java:178)
	at org.apache.maven.surefire.testng.TestNGXmlTestSuite.execute(TestNGXmlTestSuite.java:92)
	at org.apache.maven.surefire.testng.TestNGProvider.invoke(TestNGProvider.java:96)
	at org.apache.maven.surefire.util.ReflectionUtils.invokeMethodWithArray2(ReflectionUtils.java:208)
	at org.apache.maven.surefire.booter.ProviderFactory$ProviderProxy.invoke(ProviderFactory.java:159)
	at org.apache.maven.surefire.booter.ProviderFactory.invokeProvider(ProviderFactory.java:87)
	at org.apache.maven.surefire.booter.ForkedBooter.runSuitesInProcess(ForkedBooter.java:153)
	at org.apache.maven.surefire.booter.ForkedBooter.main(ForkedBooter.java:95)
... Removed 25 stack frames]]>
    </failure>
  </testcase> <!-- deletePositiveCases -->
  <testcase classname="jobsapiautomation.JobsDelete" name="deletePositiveCases" time="0.248">
    <failure type="java.lang.AssertionError" message="
Expected: a value equal to &amp;lt;200&amp;gt;
     got: &amp;lt;404&amp;gt;
">
      <![CDATA[java.lang.AssertionError: 
Expected: a value equal to <200>
     got: <404>

	at org.junit.Assert.assertThat(Assert.java:780)
	at org.junit.Assert.assertThat(Assert.java:738)
	at jobsapiautomation.JobsDelete.deletePositiveCases(JobsDelete.java:39)
	at org.apache.maven.surefire.testng.TestNGExecutor.run(TestNGExecutor.java:178)
	at org.apache.maven.surefire.testng.TestNGXmlTestSuite.execute(TestNGXmlTestSuite.java:92)
	at org.apache.maven.surefire.testng.TestNGProvider.invoke(TestNGProvider.java:96)
	at org.apache.maven.surefire.util.ReflectionUtils.invokeMethodWithArray2(ReflectionUtils.java:208)
	at org.apache.maven.surefire.booter.ProviderFactory$ProviderProxy.invoke(ProviderFactory.java:159)
	at org.apache.maven.surefire.booter.ProviderFactory.invokeProvider(ProviderFactory.java:87)
	at org.apache.maven.surefire.booter.ForkedBooter.runSuitesInProcess(ForkedBooter.java:153)
	at org.apache.maven.surefire.booter.ForkedBooter.main(ForkedBooter.java:95)
... Removed 25 stack frames]]>
    </failure>
  </testcase> <!-- deletePositiveCases -->
  <testcase classname="jobsapiautomation.JobsDelete" name="deleteProgramNegativeCases" time="0.209"/>
  <testcase classname="jobsapiautomation.JobsDelete" name="deleteProgramNegativeCases" time="0.275"/>
</testsuite> <!-- PostProduction Jobs API Automation -->
