<?xml version="1.0" encoding="UTF-8"?>
<!-- Generated by org.testng.reporters.JUnitXMLReporter -->
<testsuite hostname="Shenthamarai" failures="1" tests="31" name="PostProduction LMS API Automation" time="18.839" errors="0" timestamp="22 Feb 2022 17:17:39 GMT">
  <testcase classname="lmsapiautomation.LMSGet" name="getRequestPositive" time="1.544"/>
  <testcase classname="lmsapiautomation.LMSGet" name="getRequestPositive" time="0.464"/>
  <testcase classname="lmsapiautomation.LMSGet" name="getRequestPositive" time="0.484"/>
  <testcase classname="lmsapiautomation.LMSGet" name="getRequestPositive" time="0.478"/>
  <testcase classname="lmsapiautomation.LMSGet" name="getRequestNegative" time="0.382"/>
  <testcase classname="lmsapiautomation.LMSGet" name="getRequestNegative" time="0.551"/>
  <testcase classname="lmsapiautomation.LMSGet" name="getRequestNegative" time="0.348"/>
  <testcase classname="lmsapiautomation.LMSPost" name="postProgramPositiveCases" time="0.77"/>
  <testcase classname="lmsapiautomation.LMSPost" name="postProgramPositiveCases" time="0.474"/>
  <testcase classname="lmsapiautomation.LMSPost" name="postProgramPositiveCases" time="0.427"/>
  <testcase classname="lmsapiautomation.LMSPost" name="postProgramPositiveCases" time="0.423"/>
  <testcase classname="lmsapiautomation.LMSPost" name="postProgramPositiveCases" time="0.429"/>
  <testcase classname="lmsapiautomation.LMSPost" name="postProgramPositiveCases" time="0.414"/>
  <testcase classname="lmsapiautomation.LMSPost" name="postProgramNegativeCases" time="0.384"/>
  <testcase classname="lmsapiautomation.LMSPost" name="postProgramNegativeCases" time="0.446"/>
  <testcase classname="lmsapiautomation.LMSPost" name="postProgramNegativeCases" time="0.467"/>
  <testcase classname="lmsapiautomation.LMSPost" name="postProgramNegativeCases" time="0.413"/>
  <testcase classname="lmsapiautomation.LMSPut" name="putPositiveCases" time="0.619"/>
  <testcase classname="lmsapiautomation.LMSPut" name="putPositiveCases" time="0.448"/>
  <testcase classname="lmsapiautomation.LMSPut" name="putPositiveCases" time="0.489"/>
  <testcase classname="lmsapiautomation.LMSPut" name="putPositiveCases" time="0.444"/>
  <testcase classname="lmsapiautomation.LMSPut" name="putPositiveCases" time="0.474"/>
  <testcase classname="lmsapiautomation.LMSPut" name="putPositiveCases" time="0.449"/>
  <testcase classname="lmsapiautomation.LMSPut" name="putPositiveCases" time="0.429"/>
  <testcase classname="lmsapiautomation.LMSPut" name="putNegativeCases" time="0.338"/>
  <testcase classname="lmsapiautomation.LMSPut" name="putNegativeCases" time="0.371"/>
  <testcase classname="lmsapiautomation.LMSDelete" name="deletePositiveCases" time="0.39">
    <failure type="java.lang.AssertionError" message="expected [8563] but found [500]">
      <![CDATA[java.lang.AssertionError: expected [8563] but found [500]
	at lmsapiautomation.LMSDelete.deletePositiveCases(LMSDelete.java:28)
	at org.apache.maven.surefire.testng.TestNGExecutor.run(TestNGExecutor.java:178)
	at org.apache.maven.surefire.testng.TestNGXmlTestSuite.execute(TestNGXmlTestSuite.java:92)
	at org.apache.maven.surefire.testng.TestNGProvider.invoke(TestNGProvider.java:96)
	at org.apache.maven.surefire.util.ReflectionUtils.invokeMethodWithArray2(ReflectionUtils.java:208)
	at org.apache.maven.surefire.booter.ProviderFactory$ProviderProxy.invoke(ProviderFactory.java:159)
	at org.apache.maven.surefire.booter.ProviderFactory.invokeProvider(ProviderFactory.java:87)
	at org.apache.maven.surefire.booter.ForkedBooter.runSuitesInProcess(ForkedBooter.java:153)
	at org.apache.maven.surefire.booter.ForkedBooter.main(ForkedBooter.java:95)
... Removed 30 stack frames]]>
    </failure>
  </testcase> <!-- deletePositiveCases -->
  <testcase classname="lmsapiautomation.LMSDelete" name="deleteProgramNegativeCases" time="0.38"/>
  <testcase classname="lmsapiautomation.LMSDelete" name="deleteProgramNegativeCases" time="0.392"/>
  <testcase classname="lmsapiautomation.LMSDelete" name="deleteProgramNegativeCases" time="0.446"/>
  <testcase classname="lmsapiautomation.LMSSchemaValidation" name="validateSchema" time="0.462"/>
</testsuite> <!-- PostProduction LMS API Automation -->
